"../../../Engine/Content/EngineMaterials/T_Default_Material_Grid_N.uasset" 0
"../../../Engine/Content/EngineMaterials/T_Default_Material_Grid_M.uasset" 1
"../../../Engine/Content/Functions/Engine_MaterialFunctions01/Opacity/CameraDepthFade.uasset" 2
"../../../Engine/Content/EngineMaterials/WorldGridMaterial.uasset" 3
"../../../Engine/Content/ArtTools/RenderToTexture/Meshes/S_1_Unit_Plane.uasset" 4
"../../../Engine/Content/EngineMaterials/DefaultMaterial.uasset" 5
"../../../Engine/Content/BasicShapes/Cone.uasset" 6
"../../../Engine/Content/BasicShapes/Cube.uasset" 7
"../../../Engine/Content/BasicShapes/Plane.uasset" 8
"../../../Engine/Content/BasicShapes/Sphere.uasset" 9
"../../../Engine/Content/EngineMaterials/DefaultPhysicalMaterial.uasset" 10
"../../../Engine/Content/BufferVisualization/AmbientOcclusion.uasset" 11
"../../../Engine/Content/Functions/Engine_MaterialFunctions02/Utility/AppendMany.uasset" 12
"../../../Engine/Content/BufferVisualization/Anisotropy.uasset" 13
"../../../Engine/Content/BufferVisualization/BaseColor.uasset" 14
"../../../Engine/Content/BufferVisualization/CustomDepth.uasset" 15
"../../../Engine/Content/Functions/Engine_MaterialFunctions02/Utility/VectorLength.uasset" 16
"../../../Engine/Content/BufferVisualization/CustomDepthWorldUnits.uasset" 17
"../../../Engine/Content/EngineMaterials/MiniFont.uasset" 18
"../../../Engine/Content/Functions/Engine_MaterialFunctions02/Utility/MakeFloat3.uasset" 19
"../../../Engine/Content/Functions/Engine_MaterialFunctions02/Utility/MakeFloat2.uasset" 20
"../../../Engine/Content/Functions/Engine_MaterialFunctions02/ScreenResolution.uasset" 21
"../../../Engine/Content/Functions/Engine_MaterialFunctions02/Utility/BreakOutFloat2Components.uasset" 22
"../../../Engine/Content/Functions/Engine_MaterialFunctions01/Texturing/ScaleUVsByCenter.uasset" 23
"../../../Engine/Content/Functions/Engine_MaterialFunctions02/Texturing/ScreenAlignedUVs.uasset" 24
"../../../Engine/Content/BufferVisualization/CustomStencil.uasset" 25
"../../../Engine/Content/BufferVisualization/FinalImage.uasset" 26
"../../../Engine/Content/BufferVisualization/LightingModel.uasset" 27
"../../../Engine/Content/BufferVisualization/MaterialAO.uasset" 28
"../../../Engine/Content/BufferVisualization/Metallic.uasset" 29
"../../../Engine/Content/BufferVisualization/Opacity.uasset" 30
"../../../Engine/Content/BufferVisualization/PostTonemapHDRColor.uasset" 31
"../../../Engine/Content/BufferVisualization/PreTonemapHDRColor.uasset" 32
"../../../Engine/Content/BufferVisualization/Roughness.uasset" 33
"../../../Engine/Content/BufferVisualization/SceneColor.uasset" 34
"../../../Engine/Content/BufferVisualization/SceneDepth.uasset" 35
"../../../Engine/Content/BufferVisualization/SceneDepthWorldUnits.uasset" 36
"../../../Engine/Content/BufferVisualization/SeparateTranslucencyA.uasset" 37
"../../../Engine/Content/BufferVisualization/SeparateTranslucencyRGB.uasset" 38
"../../../Engine/Content/BufferVisualization/Specular.uasset" 39
"../../../Engine/Content/BufferVisualization/SubsurfaceColor.uasset" 40
"../../../Engine/Content/BufferVisualization/Velocity.uasset" 41
"../../../Engine/Content/BufferVisualization/WorldNormal.uasset" 42
"../../../Engine/Content/BufferVisualization/WorldTangent.uasset" 43
"../../../Engine/Content/EditorLandscapeResources/DataLayer.uasset" 44
"../../../Engine/Content/EditorLandscapeResources/DefaultAlphaTexture.uasset" 45
"../../../Engine/Content/EditorLandscapeResources/LandscapeGizmoHeight_Mat.uasset" 46
"../../../Engine/Content/EditorLandscapeResources/LandscapeGizmo_Mat.uasset" 47
"../../../Engine/Content/EditorLandscapeResources/LandscapeGizmo_Mat_Copied.uasset" 48
"../../../Engine/Content/EditorLandscapeResources/SplineEditorMeshMat.uasset" 49
"../../../Engine/Content/EditorLandscapeResources/SplineEditorMesh.uasset" 50
"../../../Engine/Content/EditorMaterials/Cross.uasset" 51
"../../../Engine/Content/EditorMaterials/Cross_Mat.uasset" 52
"../../../Engine/Content/EditorResources/T_EditorHelp.uasset" 53
"../../../Engine/Content/Functions/Engine_MaterialFunctions02/Utility/Sign.uasset" 54
"../../../Engine/Content/Functions/Engine_MaterialFunctions02/Utility/Round.uasset" 55
"../../../Engine/Content/Functions/Engine_MaterialFunctions02/ExampleContent/Textures/DebugNumberPeriod.uasset" 56
"../../../Engine/Content/Functions/Engine_MaterialFunctions02/ExampleContent/DebugNumberStrip.uasset" 57
"../../../Engine/Content/EngineMaterials/DefaultDiffuse.uasset" 58
"../../../Engine/Content/Functions/Engine_MaterialFunctions01/Texturing/TextureCropping.uasset" 59
"../../../Engine/Content/Functions/Engine_MaterialFunctions01/Texturing/ComputeMipLevel.uasset" 60
"../../../Engine/Content/Functions/Engine_MaterialFunctions02/Utility/DebugScalarValues.uasset" 61
"../../../Engine/Content/Functions/Engine_MaterialFunctions02/Utility/DebugFloat2Values.uasset" 62
"../../../Engine/Content/Functions/Engine_MaterialFunctions02/ExampleContent/Textures/flipbook.uasset" 63
"../../../Engine/Content/Functions/Engine_MaterialFunctions02/Texturing/FlipBook.uasset" 64
"../../../Engine/Content/EditorMaterials/HelpActorMaterial.uasset" 65
"../../../Engine/Content/Functions/Engine_MaterialFunctions03/Procedurals/ComputeFilterWidth.uasset" 66
"../../../Engine/Content/EngineMaterials/BlendFunc_DefBlend.uasset" 67
"../../../Engine/Content/EngineMaterials/BlendFunc_DefBase.uasset" 68
"../../../Engine/Content/Functions/Engine_MaterialFunctions03/Blends/Blend_Screen.uasset" 69
"../../../Engine/Content/EditorMaterials/TilingAALineIntegral.uasset" 70
"../../../Engine/Content/EditorMaterials/TilingAALineBoxFiltered.uasset" 71
"../../../Engine/Content/EditorMaterials/TilingAAGrid.uasset" 72
"../../../Engine/Content/EditorMaterials/TilingAADots.uasset" 73
"../../../Engine/Content/EditorMaterials/CompositeARGBLayer.uasset" 74
"../../../Engine/Content/EditorMaterials/LevelGridMaterial.uasset" 75
"../../../Engine/Content/EditorResources/LevelGrid1DStripes.uasset" 76
"../../../Engine/Content/EditorMaterials/TextureGridCascaded1D.uasset" 77
"../../../Engine/Content/EditorMaterials/TextureGridCascaded2D.uasset" 78
"../../../Engine/Content/EditorMaterials/MakeCompositeARGBLayer.uasset" 79
"../../../Engine/Content/EditorMaterials/LevelGridMaterial2.uasset" 80
"../../../Engine/Content/EditorMaterials/MAT_Groups_Toggle.uasset" 81
"../../../Engine/Content/EditorMaterials/MAT_Groups_Visibility.uasset" 82
"../../../Engine/Content/EditorMaterials/PhAT_BoneSelectedMaterial.uasset" 83
"../../../Engine/Content/EditorMaterials/PhAT_ElemSelectedMaterial.uasset" 84
"../../../Engine/Content/EditorMaterials/PhAT_NoCollisionMaterial.uasset" 85
"../../../Engine/Content/EditorMaterials/PhAT_UnselectedMaterial.uasset" 86
"../../../Engine/Content/EditorMaterials/PreviewShadowIndicator.uasset" 87
"../../../Engine/Content/EditorMaterials/PreviewShadowIndicatorMaterial.uasset" 88
"../../../Engine/Content/EditorMaterials/TargetIcon.uasset" 89
"../../../Engine/Content/EditorMaterials/Tick.uasset" 90
"../../../Engine/Content/EditorMaterials/Tick_Mat.uasset" 91
"../../../Engine/Content/EditorMaterials/WidgetGridVertexColorMaterial.uasset" 92
"../../../Engine/Content/EditorMaterials/WidgetGridVertexColorMaterial_Ma.uasset" 93
"../../../Engine/Content/EditorMaterials/WidgetMaterial.uasset" 94
"../../../Engine/Content/EditorMaterials/WidgetMaterial_Current.uasset" 95
"../../../Engine/Content/EditorMaterials/WidgetMaterial_X.uasset" 96
"../../../Engine/Content/EditorMaterials/WidgetMaterial_Y.uasset" 97
"../../../Engine/Content/EditorMaterials/WidgetMaterial_Z.uasset" 98
"../../../Engine/Content/EditorMaterials/WidgetVertexColorMaterial.uasset" 99
"../../../Engine/Content/EditorMaterials/MatineeGroups/MAT_ColorTrack.uasset" 100
"../../../Engine/Content/EditorMaterials/MatineeGroups/MAT_Groups_Anim.uasset" 101
"../../../Engine/Content/EditorMaterials/MatineeGroups/MAT_Groups_AudioMaster.uasset" 102
"../../../Engine/Content/EditorMaterials/MatineeGroups/MAT_Groups_Director.uasset" 103
"../../../Engine/Content/EditorMaterials/MatineeGroups/MAT_Groups_Event.uasset" 104
"../../../Engine/Content/EditorMaterials/MatineeGroups/MAT_Groups_Fade.uasset" 105
"../../../Engine/Content/EditorMaterials/MatineeGroups/MAT_Groups_Float.uasset" 106
"../../../Engine/Content/EditorMaterials/MatineeGroups/MAT_Groups_Move.uasset" 107
"../../../Engine/Content/EditorMaterials/MatineeGroups/MAT_Groups_Slomo.uasset" 108
"../../../Engine/Content/EditorMaterials/MatineeGroups/MAT_Groups_Sound.uasset" 109
"../../../Engine/Content/EditorMaterials/MatineeGroups/MAT_Groups_Vector.uasset" 110
"../../../Engine/Content/EditorMaterials/ParticleSystems/PSysThumbnail_NoImage.uasset" 111
"../../../Engine/Content/EditorMaterials/ParticleSystems/PSysThumbnail_OOD.uasset" 112
"../../../Engine/Content/EngineMaterials/Grid.uasset" 113
"../../../Engine/Content/EditorMaterials/Thumbnails/FloorPlaneMaterial.uasset" 114
"../../../Engine/Content/EditorMeshes/EditorCube.uasset" 115
"../../../Engine/Content/EditorMeshes/EditorCylinder.uasset" 116
"../../../Engine/Content/EditorMeshes/EditorPlane.uasset" 117
"../../../Engine/Content/EditorMaterials/Thumbnails/SkySphereMaterial.uasset" 118
"../../../Engine/Content/EditorMeshes/EditorSkySphere.uasset" 119
"../../../Engine/Content/EditorMeshes/EditorSphere.uasset" 120
"../../../Engine/Content/EditorResources/MatineeCam_D.uasset" 121
"../../../Engine/Content/EditorMaterials/MatineeCam_mat.uasset" 122
"../../../Engine/Content/EditorMeshes/MatineeCam_SM.uasset" 123
"../../../Engine/Content/EditorMeshes/PlanarReflectionPlane.uasset" 124
"../../../Engine/Content/EngineDebugMaterials/M_SimpleOpaque.uasset" 125
"../../../Engine/Content/EditorMaterials/Camera/MI_CineMat_CamViewFinder.uasset" 126
"../../../Engine/Content/EditorMaterials/Camera/CineMat.uasset" 127
"../../../Engine/Content/EditorMaterials/Camera/MI_CineMat_CameraBody.uasset" 128
"../../../Engine/Content/EditorMeshes/Camera/SM_CineCam.uasset" 129
"../../../Engine/Content/EditorMaterials/Camera/MI_CineMat_Rig.uasset" 130
"../../../Engine/Content/EditorMeshes/Camera/SM_CraneRig_Arm.uasset" 131
"../../../Engine/Content/EditorMeshes/Camera/SM_CraneRig_Base.uasset" 132
"../../../Engine/Content/EditorMeshes/Camera/SM_CraneRig_Body.uasset" 133
"../../../Engine/Content/EditorMeshes/Camera/SM_CraneRig_Mount.uasset" 134
"../../../Engine/Content/EditorMeshes/Camera/SM_RailRig_Mount.uasset" 135
"../../../Engine/Content/EditorMeshes/Camera/SM_RailRig_Track.uasset" 136
"../../../Engine/Content/EditorMeshes/ColorCalibrator/M_ChromeBall.uasset" 137
"../../../Engine/Content/EditorResources/Bad.uasset" 138
"../../../Engine/Content/EditorResources/BSPVertex.uasset" 139
"../../../Engine/Content/EditorResources/EmptyActor.uasset" 140
"../../../Engine/Content/EditorResources/MatInstActSprite.uasset" 141
"../../../Engine/Content/EditorResources/SceneManager.uasset" 142
"../../../Engine/Content/EditorResources/SmallFont.uasset" 143
"../../../Engine/Content/EditorResources/S_Actor.uasset" 144
"../../../Engine/Content/EditorResources/S_CameraShakeSource.uasset" 145
"../../../Engine/Content/EditorResources/S_DecalActorIcon.uasset" 146
"../../../Engine/Content/EditorResources/S_Emitter.uasset" 147
"../../../Engine/Content/EditorResources/S_ExpoHeightFog.uasset" 148
"../../../Engine/Content/EditorResources/S_FTest.uasset" 149
"../../../Engine/Content/EditorResources/S_KBSJoint.uasset" 150
"../../../Engine/Content/EditorResources/S_KHinge.uasset" 151
"../../../Engine/Content/EditorResources/S_KPrismatic.uasset" 152
"../../../Engine/Content/EditorResources/S_LevelSequence.uasset" 153
"../../../Engine/Content/EditorResources/S_NavP.uasset" 154
"../../../Engine/Content/EditorResources/S_Note.uasset" 155
"../../../Engine/Content/EditorResources/S_Player.uasset" 156
"../../../Engine/Content/EditorResources/S_PortalActorIcon2.uasset" 157
"../../../Engine/Content/EditorResources/S_RadForce.uasset" 158
"../../../Engine/Content/EditorResources/S_ReflActorIcon.uasset" 159
"../../../Engine/Content/EditorResources/S_SkyAtmosphere.uasset" 160
"../../../Engine/Content/EditorResources/S_Solver.uasset" 161
"../../../Engine/Content/EditorResources/S_Terrain.uasset" 162
"../../../Engine/Content/EditorResources/S_TextRenderActorIcon.uasset" 163
"../../../Engine/Content/EditorResources/S_Thruster.uasset" 164
"../../../Engine/Content/EditorResources/S_Trigger.uasset" 165
"../../../Engine/Content/EditorResources/S_VectorFieldVol.uasset" 166
"../../../Engine/Content/EditorResources/S_VolumetricCloud.uasset" 167
"../../../Engine/Content/EditorResources/S_WindDirectional.uasset" 168
"../../../Engine/Content/EditorResources/AI/S_NavLink.uasset" 169
"../../../Engine/Content/EditorResources/LightIcons/SkyLight.uasset" 170
"../../../Engine/Content/EditorResources/LightIcons/S_LightDirectional.uasset" 171
"../../../Engine/Content/EditorResources/LightIcons/S_LightDirectionalMove.uasset" 172
"../../../Engine/Content/EditorResources/LightIcons/S_LightError.uasset" 173
"../../../Engine/Content/EditorResources/LightIcons/S_LightPoint.uasset" 174
"../../../Engine/Content/EditorResources/LightIcons/S_LightPointMove.uasset" 175
"../../../Engine/Content/EditorResources/LightIcons/S_LightSpot.uasset" 176
"../../../Engine/Content/EditorResources/LightIcons/S_LightSpotMove.uasset" 177
"../../../Engine/Content/EditorResources/SequenceRecorder/Countdown.uasset" 178
"../../../Engine/Content/EditorResources/SequenceRecorder/RecordingIndicator.uasset" 179
"../../../Engine/Content/EditorResources/Spline/T_Loft_Spline.uasset" 180
"../../../Engine/Content/EditorSounds/Notifications/CompileSuccess.uasset" 181
"../../../Engine/Content/EditorSounds/Notifications/CompileStart_Cue.uasset" 182
"../../../Engine/Content/EditorSounds/Notifications/CompileSuccess_Cue.uasset" 183
"../../../Engine/Content/EngineDamageTypes/DmgTypeBP_Environmental.uasset" 184
"../../../Engine/Content/EngineDebugMaterials/HeatmapGradient.uasset" 185
"../../../Engine/Content/EngineDebugMaterials/BoneWeightMaterial.uasset" 186
"../../../Engine/Content/EngineDebugMaterials/ClothMaterial.uasset" 187
"../../../Engine/Content/EngineDebugMaterials/ClothMaterial_WF.uasset" 188
"../../../Engine/Content/EngineDebugMaterials/DebugEditorMaterial.uasset" 189
"../../../Engine/Content/EngineDebugMaterials/DebugMeshMaterial.uasset" 190
"../../../Engine/Content/EngineDebugMaterials/GeomMaterial.uasset" 191
"../../../Engine/Content/Functions/Engine_MaterialFunctions01/Shading/ConvertFromDiffSpec.uasset" 192
"../../../Engine/Content/EngineDebugMaterials/LevelColorationLitMaterial.uasset" 193
"../../../Engine/Content/EngineDebugMaterials/LevelColorationUnlitMaterial.uasset" 194
"../../../Engine/Content/EngineMaterials/DefaultWhiteGrid.uasset" 195
"../../../Engine/Content/EngineDebugMaterials/MAT_LevelColorationLitLightmapUV.uasset" 196
"../../../Engine/Content/EngineDebugMaterials/M_SimpleUnlitTranslucent.uasset" 197
"../../../Engine/Content/EngineDebugMaterials/VolumeToRender.uasset" 198
"../../../Engine/Content/Functions/Engine_MaterialFunctions02/Utility/CameraDirectionVector.uasset" 199
"../../../Engine/Content/EngineDebugMaterials/M_VolumeRenderSphereTracePP.uasset" 200
"../../../Engine/Content/EngineMaterials/DefaultWhiteGrid_Low.uasset" 201
"../../../Engine/Content/EngineDebugMaterials/PhysicalMaterialMaskMaterial.uasset" 202
"../../../Engine/Content/EngineDebugMaterials/ShadedLevelColorationLitMaterial.uasset" 203
"../../../Engine/Content/EngineDebugMaterials/ShadedLevelColorationUnlitMateri.uasset" 204
"../../../Engine/Content/EngineDebugMaterials/VertexColorMaterial.uasset" 205
"../../../Engine/Content/EngineDebugMaterials/VertexColorViewMode_AlphaAsColor.uasset" 206
"../../../Engine/Content/EngineDebugMaterials/VertexColorViewMode_BlueOnly.uasset" 207
"../../../Engine/Content/EngineDebugMaterials/VertexColorViewMode_ColorOnly.uasset" 208
"../../../Engine/Content/EngineDebugMaterials/VertexColorViewMode_GreenOnly.uasset" 209
"../../../Engine/Content/EngineDebugMaterials/VertexColorViewMode_RedOnly.uasset" 210
"../../../Engine/Content/EngineDebugMaterials/WireframeMaterial.uasset" 211
"../../../Engine/Content/EngineFonts/Faces/RobotoRegular.uasset" 212
"../../../Engine/Content/EngineFonts/Faces/RobotoLight.uasset" 213
"../../../Engine/Content/EngineFonts/Faces/RobotoItalic.uasset" 214
"../../../Engine/Content/EngineFonts/Faces/RobotoBoldItalic.uasset" 215
"../../../Engine/Content/EngineFonts/Faces/RobotoBold.uasset" 216
"../../../Engine/Content/EngineFonts/Faces/DroidSansFallback.uasset" 217
"../../../Engine/Content/EngineFonts/Roboto.uasset" 218
"../../../Engine/Content/EngineFonts/Faces/RobotoTiny.uasset" 219
"../../../Engine/Content/EngineFonts/RobotoTiny.uasset" 220
"../../../Engine/Content/EngineFonts/SmallFont.uasset" 221
"../../../Engine/Content/EngineFonts/TinyFont.uasset" 222
"../../../Engine/Content/EngineMaterials/BaseFlattenNormalMap.uasset" 223
"../../../Engine/Content/EngineMaterials/BaseFlattenGrayscaleMap.uasset" 224
"../../../Engine/Content/EngineMaterials/BaseFlattenEmissiveMap.uasset" 225
"../../../Engine/Content/EngineMaterials/BaseFlattenDiffuseMap.uasset" 226
"../../../Engine/Content/EngineMaterials/BaseFlattenMaterial.uasset" 227
"../../../Engine/Content/EngineResources/WhiteSquareTexture.uasset" 228
"../../../Engine/Content/EngineMaterials/BlinkingCaret.uasset" 229
"../../../Engine/Content/EngineMaterials/BlueNoise.uasset" 230
"../../../Engine/Content/EngineMaterials/DefaultBloomKernel.uasset" 231
"../../../Engine/Content/EngineMaterials/DefaultBokeh.uasset" 232
"../../../Engine/Content/EngineMaterials/DefaultDeferredDecalMaterial.uasset" 233
"../../../Engine/Content/EngineMaterials/DefaultLightFunctionMaterial.uasset" 234
"../../../Engine/Content/EngineMaterials/DefaultNormal.uasset" 235
"../../../Engine/Content/EngineMaterials/DefaultPostProcessMaterial.uasset" 236
"../../../Engine/Content/EngineFonts/RobotoDistanceField.uasset" 237
"../../../Engine/Content/EngineMaterials/DefaultTextMaterialOpaque.uasset" 238
"../../../Engine/Content/EngineMaterials/EditorBrushMaterial.uasset" 239
"../../../Engine/Content/EngineMaterials/EmissiveMeshMaterial.uasset" 240
"../../../Engine/Content/EngineMaterials/GizmoMaterial.uasset" 241
"../../../Engine/Content/EngineMaterials/Good64x64TilingNoiseHighFreq.uasset" 242
"../../../Engine/Content/EngineMaterials/Grid_N.uasset" 243
"../../../Engine/Content/EngineMaterials/HighResolutionScreenshotMaskFunction.uasset" 244
"../../../Engine/Content/EngineMaterials/HighResScreenshot.uasset" 245
"../../../Engine/Content/EngineMaterials/HighResScreenshotCaptureRegion.uasset" 246
"../../../Engine/Content/EngineMaterials/HighResScreenshotMask.uasset" 247
"../../../Engine/Content/EngineMaterials/LandscapeHolePhysicalMaterial.uasset" 248
"../../../Engine/Content/EngineMaterials/InvalidLightmapSettings.uasset" 249
"../../../Engine/Content/EngineMaterials/M_InvalidLightmapSettings.uasset" 250
"../../../Engine/Content/EngineMaterials/PaperDiffuse.uasset" 251
"../../../Engine/Content/EngineMaterials/PaperNormal.uasset" 252
"../../../Engine/Content/Functions/Engine_MaterialFunctions02/WorldPositionOffset/CameraOffset.uasset" 253
"../../../Engine/Content/EngineMaterials/PhAT_JointLimitMaterial.uasset" 254
"../../../Engine/Content/EngineMaterials/PhysMat_Rubber.uasset" 255
"../../../Engine/Content/EngineMaterials/PreintegratedSkinBRDF.uasset" 256
"../../../Engine/Content/EngineMaterials/RemoveSurfaceMaterial.uasset" 257
"../../../Engine/Content/EngineMaterials/WeightMapPlaceholderTexture.uasset" 258
"../../../Engine/Content/Functions/Engine_MaterialFunctions01/ImageAdjustment/sRGBToLinear.uasset" 259
"../../../Engine/Content/Functions/Engine_MaterialFunctions02/Utility/BreakOutFloat3Components.uasset" 260
"../../../Engine/Content/EngineMaterials/Widget3DCameraPassThrough_Opaque_OneSided.uasset" 261
"../../../Engine/Content/EngineMaterials/Widget3DPassThrough.uasset" 262
"../../../Engine/Content/EngineMaterials/Widget3DPassThrough_Masked.uasset" 263
"../../../Engine/Content/EngineMaterials/Widget3DPassThrough_Opaque.uasset" 264
"../../../Engine/Content/EngineMaterials/Widget3DPassThrough_Masked_OneSided.uasset" 265
"../../../Engine/Content/EngineMaterials/Widget3DPassThrough_Opaque_OneSided.uasset" 266
"../../../Engine/Content/EngineMaterials/Widget3DPassThrough_Translucent.uasset" 267
"../../../Engine/Content/EngineMaterials/Widget3DPassThrough_Translucent_OneSided.uasset" 268
"../../../Engine/Content/EngineMeshes/Cylinder.uasset" 269
"../../../Engine/Content/EngineMeshes/Sphere.uasset" 270
"../../../Engine/Content/EngineResources/Black.uasset" 271
"../../../Engine/Content/EngineResources/DefaultTextureCube.uasset" 272
"../../../Engine/Content/EngineResources/DefaultVolumeTexture2D.uasset" 273
"../../../Engine/Content/EngineResources/DefaultVolumeTexture.uasset" 274
"../../../Engine/Content/EngineResources/GradientTexture0.uasset" 275
"../../../Engine/Content/EngineResources/StreamingPauseIcon.uasset" 276
"../../../Engine/Content/EngineResources/M_StreamingPause.uasset" 277
"../../../Engine/Content/EngineSky/VolumetricClouds/T_NoiseShape64.uasset" 278
"../../../Engine/Content/EngineSky/VolumetricClouds/T_VolumeNoiseShape64.uasset" 279
"../../../Engine/Content/EngineSky/VolumetricClouds/T_NoiseErosion.uasset" 280
"../../../Engine/Content/EngineSky/VolumetricClouds/T_VolumeNoiseErosion32.uasset" 281
"../../../Engine/Content/EngineSky/VolumetricClouds/CloudWeatherTexture.uasset" 282
"../../../Engine/Content/EngineSky/VolumetricClouds/CloudGradientTexture.uasset" 283
"../../../Engine/Content/EngineSky/VolumetricClouds/m_SimpleVolumetricCloud.uasset" 284
"../../../Engine/Content/EngineSky/VolumetricClouds/m_SimpleVolumetricCloud_Inst.uasset" 285
"../../../Engine/Content/EngineSounds/Master.uasset" 286
"../../../Engine/Content/Functions/Engine_MaterialFunctions01/Shading/PowerToRoughness.uasset" 287
"../../../Engine/Content/Maps/Templates/Thumbnails/Default.uasset" 288
"../../../Engine/Content/Maps/Templates/Thumbnails/TimeOfDay.uasset" 289
"../../../Engine/Content/Maps/Templates/Thumbnails/VR-Basic.uasset" 290
"../../../Engine/Content/MapTemplates/Sky/DaylightAmbientCubemap.uasset" 291
"../../../Engine/Content/MobileResources/T_MobileControls_texture.uasset" 292
"../../../Engine/Content/MobileResources/T_MobileMenu2.uasset" 293
"../../../Engine/Content/MobileResources/HUD/AnalogHat.uasset" 294
"../../../Engine/Content/MobileResources/HUD/VirtualJoystick_Thumb.uasset" 295
"../../../Engine/Content/MobileResources/HUD/VirtualJoystick_Background.uasset" 296
"../../../Engine/Content/MobileResources/HUD/DefaultVirtualJoysticks.uasset" 297
"../../../Engine/Content/MobileResources/HUD/LeftVirtualJoystickOnly.uasset" 298
"../../../Engine/Content/MobileResources/HUD/MobileHUDButton1_off.uasset" 299
"../../../Engine/Content/MobileResources/HUD/MobileHUDButton1_on.uasset" 300
"../../../Engine/Content/MobileResources/HUD/MobileHUDButton2_off.uasset" 301
"../../../Engine/Content/MobileResources/HUD/MobileHUDButton2_on.uasset" 302
"../../../Engine/Content/MobileResources/HUD/MobileHUDButton3.uasset" 303
"../../../Engine/Content/MobileResources/HUD/MobileHUDButtonFire.uasset" 304
"../../../Engine/Content/MobileResources/HUD/MobileHUDDirectionPad.uasset" 305
"../../../Engine/Content/MobileResources/HUD/MobileHUDDirectionPad2.uasset" 306
"../../../Engine/Content/MobileResources/HUD/MobileHUDDirectionPad3.uasset" 307
"../../../Engine/Content/MobileResources/HUD/MobileHUDDirectionStick.uasset" 308
"../../../Engine/Content/MobileResources/HUD/T_Castle_ThumbstickInner.uasset" 309
"../../../Engine/Content/MobileResources/HUD/T_Castle_ThumbstickOutter.uasset" 310
"../../../Engine/Content/Tutorial/ContentIntroCurve.uasset" 311
"../../../Engine/Content/Tutorial/Basics/LevelEditorAttract.uasset" 312
"../../../Engine/Content/Tutorial/Basics/TutorialAssets/icon_tab_Levels_40x.uasset" 313
"../../../Engine/Content/Tutorial/Basics/LevelEditorOverview.uasset" 314
"../../../Engine/Content/VREditor/TransformGizmo/TranslucentTransformGizmoMaterial.uasset" 315
"../../../Engine/Content/VREditor/LaserPointer/VR_LaserPower_01.uasset" 316
"../../../Engine/Content/VREditor/TransformGizmo/TransformGizmoMaterial.uasset" 317
"../../../Engine/Content/VREditor/TransformGizmo/BoundingBoxCorner.uasset" 318
"../../../Engine/Content/VREditor/TransformGizmo/BoundingBoxEdge.uasset" 319
"../../../Engine/Content/VREditor/TransformGizmo/PlaneTranslationHandle.uasset" 320
"../../../Engine/Content/VREditor/TransformGizmo/Xray.uasset" 321
"../../../Engine/Content/VREditor/TransformGizmo/Main.uasset" 322
"../../../Engine/Content/VREditor/TransformGizmo/SM_Sequencer_Key.uasset" 323
"../../../Engine/Content/VREditor/TransformGizmo/SM_Sequencer_Node.uasset" 324
"../../../../../../Users/dev_console/Projects/TwilightArchery/Content/Mannequin/Character/Mesh/SK_Mannequin_PhysicsAsset.uasset" 325
"../../../../../../Users/dev_console/Projects/TwilightArchery/Content/Mannequin/Character/Textures/T_UE4Logo_N.uasset" 326
"../../../../../../Users/dev_console/Projects/TwilightArchery/Content/Mannequin/Character/Textures/T_UE4Logo_Mask.uasset" 327
"../../../../../../Users/dev_console/Projects/TwilightArchery/Content/Mannequin/Character/Textures/T_Male_N.uasset" 328
"../../../../../../Users/dev_console/Projects/TwilightArchery/Content/Mannequin/Character/Textures/T_Male_Mask.uasset" 329
"../../../../../../Users/dev_console/Projects/TwilightArchery/Content/Mannequin/Character/Materials/MaterialLayers/T_ML_Rubber_Blue_01_N.uasset" 330
"../../../../../../Users/dev_console/Projects/TwilightArchery/Content/Mannequin/Character/Materials/MaterialLayers/T_ML_Rubber_Blue_01_D.uasset" 331
"../../../../../../Users/dev_console/Projects/TwilightArchery/Content/Mannequin/Character/Materials/MaterialLayers/T_ML_Aluminum01_N.uasset" 332
"../../../../../../Users/dev_console/Projects/TwilightArchery/Content/Mannequin/Character/Materials/MaterialLayers/T_ML_Aluminum01.uasset" 333
"../../../../../../Users/dev_console/Projects/TwilightArchery/Content/Mannequin/Character/Materials/MaterialLayers/ML_SoftMetal_UE4.uasset" 334
"../../../../../../Users/dev_console/Projects/TwilightArchery/Content/Mannequin/Character/Materials/MaterialLayers/ML_Plastic_Shiny_Beige_LOGO.uasset" 335
"../../../../../../Users/dev_console/Projects/TwilightArchery/Content/Mannequin/Character/Materials/MaterialLayers/ML_Plastic_Shiny_Beige.uasset" 336
"../../../../../../Users/dev_console/Projects/TwilightArchery/Content/Mannequin/Character/Materials/MaterialLayers/ML_GlossyBlack_Latex_UE4.uasset" 337
"../../../Engine/Content/Functions/MaterialLayerFunctions/MatLayerBlend_Simple.uasset" 338
"../../../Engine/Content/Functions/Engine_MaterialFunctions02/Utility/BlendAngleCorrectedNormals.uasset" 339
"../../../Engine/Content/Functions/MaterialLayerFunctions/MatLayerBlend_NormalBlend.uasset" 340
"../../../../../../Users/dev_console/Projects/TwilightArchery/Content/Mannequin/Character/Materials/M_Male_Body.uasset" 341
"../../../../../../Users/dev_console/Projects/TwilightArchery/Content/Mannequin/Character/Materials/M_UE4Man_ChestLogo.uasset" 342
"../../../../../../Users/dev_console/Projects/TwilightArchery/Content/Mannequin/Character/Mesh/UE4_Mannequin_Skeleton.uasset" 343
"../../../../../../Users/dev_console/Projects/TwilightArchery/Content/Mannequin/Character/Mesh/SK_Mannequin.uasset" 344
"../../../../../../Users/dev_console/Projects/TwilightArchery/Content/Mannequin/Animations/ThirdPersonWalk.uasset" 345
"../../../../../../Users/dev_console/Projects/TwilightArchery/Content/Mannequin/Animations/ThirdPersonRun.uasset" 346
"../../../../../../Users/dev_console/Projects/TwilightArchery/Content/Mannequin/Animations/ThirdPersonIdle.uasset" 347
"../../../../../../Users/dev_console/Projects/TwilightArchery/Content/Mannequin/Animations/ThirdPerson_IdleRun_2D.uasset" 348
"../../../../../../Users/dev_console/Projects/TwilightArchery/Content/Mannequin/Animations/ThirdPerson_Jump.uasset" 349
"../../../../../../Users/dev_console/Projects/TwilightArchery/Content/Mannequin/Animations/ThirdPersonJump_Start.uasset" 350
"../../../../../../Users/dev_console/Projects/TwilightArchery/Content/Mannequin/Animations/ThirdPersonJump_Loop.uasset" 351
"../../../Engine/Content/EditorBlueprintResources/StandardMacros.uasset" 352
"../../../../../../Users/dev_console/Projects/TwilightArchery/Content/Mannequin/Animations/ThirdPerson_AnimBP.uasset" 353
"../../../../../../Users/dev_console/Projects/TwilightArchery/Content/ThirdPersonCPP/Blueprints/ThirdPersonCharacter.uasset" 354
"../../Plugins/2D/Paper2D/Content/PlaceholderTextures/DummySpriteTexture.uasset" 355
"../../Plugins/2D/Paper2D/Content/DummySprite.uasset" 356
"../../Plugins/2D/Paper2D/Content/DefaultPaperTerrainMaterial.uasset" 357
"../../Plugins/2D/Paper2D/Content/DefaultSpriteMaterial.uasset" 358
"../../Plugins/2D/Paper2D/Content/MaskedUnlitSpriteMaterial.uasset" 359
"../../Plugins/2D/Paper2D/Content/OpaqueUnlitSpriteMaterial.uasset" 360
"../../Plugins/FX/Niagara/Content/Enums/ENiagaraOrientationAxis.uasset" 361
"../../Plugins/FX/Niagara/Content/Icons/S_ParticleSystem.uasset" 362
"../../Plugins/Editor/SpeedTreeImporter/Content/SpeedTree9/UnpackInteger3.uasset" 363
"../../Plugins/Editor/SpeedTreeImporter/Content/SpeedTree9/UnpackDirection.uasset" 364
"../../Plugins/Editor/SpeedTreeImporter/Content/SpeedTree9/game_wind_noise.uasset" 365
"../../../Engine/Content/Functions/Engine_MaterialFunctions02/SafeNormalize.uasset" 366
"../../Plugins/Editor/SpeedTreeImporter/Content/SpeedTree9/SpeedTreeWindMotion.uasset" 367
"../../Plugins/Editor/SpeedTreeImporter/Content/SpeedTree9/SpeedTreeBranchMotion.uasset" 368
"../../../Engine/Content/Functions/Engine_MaterialFunctions02/ObjectLocalBounds.uasset" 369
"../../../Engine/Content/Functions/Engine_MaterialFunctions02/UVs/BoundingBoxBased_0-1_UVW.uasset" 370
"../../Plugins/Editor/SpeedTreeImporter/Content/SpeedTree9/SpeedTreeWind.uasset" 371
"../../Plugins/Editor/SpeedTreeImporter/Content/SpeedTree9/SpeedTreeBillboard.uasset" 372
"../../../Engine/Content/EngineResources/DefaultTexture.uasset" 373
"../../Plugins/Editor/SpeedTreeImporter/Content/SpeedTree9/SpeedTreeBillboardMaster.uasset" 374
"../../Plugins/Editor/SpeedTreeImporter/Content/SpeedTree9/SpeedTreeCameraFacing.uasset" 375
"../../Plugins/Editor/SpeedTreeImporter/Content/SpeedTree9/SpeedTreeMaster.uasset" 376
"../../../Engine/Content/BasicShapes/Cylinder.uasset" 377
"../../../Engine/Content/ArtTools/RenderToTexture/Materials/Debug/M_Emissive_Color.uasset" 378
"../../Plugins/Lumin/MagicLeapPassableWorld/Content/MagicLeapARPinInfoActor.uasset" 379
"../../../Engine/Content/Functions/Engine_MaterialFunctions02/Utility/BreakOutFloat4Components.uasset" 380
"../../Plugins/Runtime/Oculus/OculusVR/Content/Materials/OculusMR_ChromaKey.uasset" 381
"../../Plugins/Runtime/Oculus/OculusVR/Content/Materials/OculusMR_OpaqueColoredMaterial.uasset" 382
"../../Plugins/Runtime/Oculus/OculusVR/Content/Materials/PokeAHoleMaterial.uasset" 383
"../../../Engine/Content/Maps/Entry_BuiltData.uasset" 384
"../../../Engine/Content/Maps/Entry.umap" 385
"../../../../../../Users/dev_console/Projects/TwilightArchery/Content/ThirdPerson/Meshes/RampMaterial.uasset" 386
"../../../../../../Users/dev_console/Projects/TwilightArchery/Content/ThirdPerson/Meshes/RightArm_StaticMesh.uasset" 387
"../../../../../../Users/dev_console/Projects/TwilightArchery/Content/ThirdPerson/Meshes/Ramp_StaticMesh.uasset" 388
"../../../../../../Users/dev_console/Projects/TwilightArchery/Content/ThirdPerson/Meshes/Linear_Stair_StaticMesh.uasset" 389
"../../../../../../Users/dev_console/Projects/TwilightArchery/Content/ThirdPerson/Meshes/LeftArm_StaticMesh.uasset" 390
"../../../../../../Users/dev_console/Projects/TwilightArchery/Content/ThirdPerson/Meshes/Bump_StaticMesh.uasset" 391
"../../../../../../Users/dev_console/Projects/TwilightArchery/Content/Assets/Materials/Trail_MAT.uasset" 392
"../../../../../../Users/dev_console/Projects/TwilightArchery/Content/Assets/Arrow/ArrowTrail.uasset" 393
"../../../../../../Users/dev_console/Projects/TwilightArchery/Content/Assets/Arrow/Textures/weapon_bow_ShenMin_S.uasset" 394
"../../../../../../Users/dev_console/Projects/TwilightArchery/Content/Assets/Arrow/Textures/weapon_bow_ShenMin_N.uasset" 395
"../../../../../../Users/dev_console/Projects/TwilightArchery/Content/Assets/Arrow/Textures/weapon_bow_ShenMin_D.uasset" 396
"../../../../../../Users/dev_console/Projects/TwilightArchery/Content/Assets/Arrow/Materials/weapon_bow_ShenMin_001.uasset" 397
"../../../../../../Users/dev_console/Projects/TwilightArchery/Content/Assets/Arrow/Arrow.uasset" 398
"../../Plugins/FX/Niagara/Content/Enums/ENiagaraRandomnessMode.uasset" 399
"../../Plugins/FX/Niagara/Content/Functions/GetRandomInfo.uasset" 400
"../../Plugins/FX/Niagara/Content/Functions/RandomRangeFloat.uasset" 401
"../../Plugins/FX/Niagara/Content/Functions/RandomUnitVector.uasset" 402
"../../Plugins/FX/Niagara/Content/Functions/RandomVector.uasset" 403
"../../Plugins/FX/Niagara/Content/Functions/Localspace/SimulationPosition.uasset" 404
"../../Plugins/FX/Niagara/Content/Modules/Update/Position/JitterPosition.uasset" 405
"../../Plugins/FX/Niagara/Content/Modules/Spawn/Initialization/InitializeRibbon.uasset" 406
"../../Plugins/FX/Niagara/Content/Modules/Ribbons/ScaleRibbonWidth.uasset" 407
"../../Plugins/FX/Niagara/Content/Functions/Rotation/EulerToQuaternion.uasset" 408
"../../Plugins/FX/Niagara/Content/Functions/Rotation/MultiplyVectorWithQuaternion.uasset" 409
"../../Plugins/FX/Niagara/Content/DynamicInputs/Vectors/RotateVector.uasset" 410
"../../Plugins/FX/Niagara/Content/DynamicInputs/TypeConversions/VectorFromFloat.uasset" 411
"../../Plugins/FX/Niagara/Content/DynamicInputs/TypeConversions/MakeVector.uasset" 412
"../../Plugins/FX/Niagara/Content/DynamicInputs/Helpers/SimulationPosition.uasset" 413
"../../Plugins/FX/Niagara/Content/DynamicInputs/Angles/Sine.uasset" 414
"../../Plugins/FX/Niagara/Content/DynamicInputs/Angles/Cosine.uasset" 415
"../../Plugins/FX/Niagara/Content/DynamicInputs/Add/Add_Vector.uasset" 416
"../../Plugins/FX/Niagara/Content/DefaultAssets/DefaultRIbbonMaterial.uasset" 417
"../../Plugins/FX/Niagara/Content/Enums/ENiagaraSystemInactiveMode.uasset" 418
"../../Plugins/FX/Niagara/Content/Enums/ENiagaraInactiveMode.uasset" 419
"../../Plugins/FX/Niagara/Content/Enums/ENiagaraEmitterScalabilityMode_Limited.uasset" 420
"../../Plugins/FX/Niagara/Content/Enums/ENiagaraEmitterLifeCycleMode.uasset" 421
"../../Plugins/FX/Niagara/Content/Enums/ENiagara_InfiniteLoopDuration.uasset" 422
"../../Plugins/FX/Niagara/Content/Enums/ENiagara_EmitterStateOptions.uasset" 423
"../../Plugins/FX/Niagara/Content/Modules/Update/Lifetime/ParticleState.uasset" 424
"../../Plugins/FX/Niagara/Content/Modules/Update/Color/Color.uasset" 425
"../../Plugins/FX/Niagara/Content/Functions/System/SystemChangeState.uasset" 426
"../../Plugins/FX/Niagara/Content/Modules/System/SystemState.uasset" 427
"../../Plugins/FX/Niagara/Content/Modules/Emitter/SpawnPerFrame.uasset" 428
"../../Plugins/FX/Niagara/Content/Functions/Emitter/EmitterChangeState.uasset" 429
"../../Plugins/FX/Niagara/Content/Enums/ENiagaraExecutionStateManagement.uasset" 430
"../../Plugins/FX/Niagara/Content/Modules/Emitter/EmitterState.uasset" 431
"../../Plugins/FX/Niagara/Content/DynamicInputs/ValueFromCurve/FloatFromCurve.uasset" 432
"../../Plugins/FX/Niagara/Content/DynamicInputs/ValueFromCurve/ColorFromCurve.uasset" 433
"../../../../../../Users/dev_console/Projects/TwilightArchery/Content/FX/TrailArrow_FX.uasset" 434
"../../../../../../Users/dev_console/Projects/TwilightArchery/Content/Player/Arrow_BP.uasset" 435
"../../../../../../Users/dev_console/Projects/TwilightArchery/Content/Assets/Archer/Meshes/MixamoBase_Skeleton.uasset" 436
"../../../Engine/Content/Animation/DefaultAnimCurveCompressionSettings.uasset" 437
"../../../Engine/Content/Animation/DefaultAnimBoneCompressionSettings.uasset" 438
"../../../../../../Users/dev_console/Projects/TwilightArchery/Content/Assets/Archer/Animations/StandingRunRight.uasset" 439
"../../../../../../Users/dev_console/Projects/TwilightArchery/Content/Assets/Archer/Animations/StandingRunLeft.uasset" 440
"../../../../../../Users/dev_console/Projects/TwilightArchery/Content/Assets/Archer/Animations/StandingRunForward.uasset" 441
"../../../../../../Users/dev_console/Projects/TwilightArchery/Content/Assets/Archer/Animations/StandingRunBack.uasset" 442
"../../../../../../Users/dev_console/Projects/TwilightArchery/Content/Assets/Archer/Animations/StandingIdle01.uasset" 443
"../../../../../../Users/dev_console/Projects/TwilightArchery/Content/Assets/Archer/Animations/Blendspaces/StandingStrafe.uasset" 444
"../../../../../../Users/dev_console/Projects/TwilightArchery/Content/Assets/Archer/Animations/StandingSprintForward.uasset" 445
"../../../../../../Users/dev_console/Projects/TwilightArchery/Content/Assets/Archer/Animations/Blendspaces/StandingIdleRun.uasset" 446
"../../../Engine/Content/Animation/DefaultRecorderBoneCompression.uasset" 447
"../../../../../../Users/dev_console/Projects/TwilightArchery/Content/Assets/Archer/Animations/StandingAimShootUp.uasset" 448
"../../../../../../Users/dev_console/Projects/TwilightArchery/Content/Assets/Archer/Animations/StandingAimShootDown.uasset" 449
"../../../../../../Users/dev_console/Projects/TwilightArchery/Content/Assets/Archer/Animations/StandingAimShoot.uasset" 450
"../../../../../../Users/dev_console/Projects/TwilightArchery/Content/Assets/Archer/Animations/Blendspaces/AimOffsetShoot.uasset" 451
"../../../../../../Users/dev_console/Projects/TwilightArchery/Content/Assets/Archer/Animations/StandingAimOverdrawUp.uasset" 452
"../../../../../../Users/dev_console/Projects/TwilightArchery/Content/Assets/Archer/Animations/StandingAimOverdraw2.uasset" 453
"../../../../../../Users/dev_console/Projects/TwilightArchery/Content/Assets/Archer/Animations/StandingAimOverdraw.uasset" 454
"../../../../../../Users/dev_console/Projects/TwilightArchery/Content/Assets/Archer/Animations/Blendspaces/AimOffsetOverdraw.uasset" 455
"../../../../../../Users/dev_console/Projects/TwilightArchery/Content/Assets/Archer/Animations/StandingJumpStart3.uasset" 456
"../../../../../../Users/dev_console/Projects/TwilightArchery/Content/Assets/Archer/Animations/StandingJumpLand.uasset" 457
"../../../../../../Users/dev_console/Projects/TwilightArchery/Content/Assets/Archer/Animations/StandingFallLoop.uasset" 458
"../../../../../../Users/dev_console/Projects/TwilightArchery/Content/Assets/Archer/Animations/StandingDrawArrow.uasset" 459
"../../../../../../Users/dev_console/Projects/TwilightArchery/Content/Assets/Archer/Animations/StandingDiveForward.uasset" 460
"../../../../../../Users/dev_console/Projects/TwilightArchery/Content/Player/ArcherAnim_BP.uasset" 461
"../../../../../../Users/dev_console/Projects/TwilightArchery/Content/Player/AimingCurve.uasset" 462
"../../../../../../Users/dev_console/Projects/TwilightArchery/Content/Assets/Test/Meshes/NewBow_PhysicsAsset.uasset" 463
"../../../../../../Users/dev_console/Projects/TwilightArchery/Content/Assets/Test/Textures/bow_wood_mt_roughness.uasset" 464
"../../../../../../Users/dev_console/Projects/TwilightArchery/Content/Assets/Test/Textures/bow_wood_mt_normal.uasset" 465
"../../../../../../Users/dev_console/Projects/TwilightArchery/Content/Assets/Test/Textures/bow_wood_mt_metallic.uasset" 466
"../../../../../../Users/dev_console/Projects/TwilightArchery/Content/Assets/Test/Textures/bow_wood_mt_AO.uasset" 467
"../../../../../../Users/dev_console/Projects/TwilightArchery/Content/Assets/Test/Textures/bow_wood_mt_albedo.uasset" 468
"../../../../../../Users/dev_console/Projects/TwilightArchery/Content/Assets/Test/Materials/bow_wood_mt.uasset" 469
"../../../../../../Users/dev_console/Projects/TwilightArchery/Content/Assets/Test/Textures/bow_metal_mt_roughness.uasset" 470
"../../../../../../Users/dev_console/Projects/TwilightArchery/Content/Assets/Test/Textures/bow_metal_mt_normal.uasset" 471
"../../../../../../Users/dev_console/Projects/TwilightArchery/Content/Assets/Test/Textures/bow_metal_mt_metallic.uasset" 472
"../../../../../../Users/dev_console/Projects/TwilightArchery/Content/Assets/Test/Textures/bow_metal_mt_AO.uasset" 473
"../../../../../../Users/dev_console/Projects/TwilightArchery/Content/Assets/Test/Textures/bow_metal_mt_albedo.uasset" 474
"../../../../../../Users/dev_console/Projects/TwilightArchery/Content/Assets/Test/Materials/bow_metal_mt.uasset" 475
"../../../../../../Users/dev_console/Projects/TwilightArchery/Content/Assets/Test/Meshes/NewBow_Skeleton.uasset" 476
"../../../../../../Users/dev_console/Projects/TwilightArchery/Content/Assets/Test/Meshes/NewBow.uasset" 477
"../../../../../../Users/dev_console/Projects/TwilightArchery/Content/Assets/Test/Animations/PrepareCharge.uasset" 478
"../../../../../../Users/dev_console/Projects/TwilightArchery/Content/Assets/Test/Animations/PreparaCharge2.uasset" 479
"../../../../../../Users/dev_console/Projects/TwilightArchery/Content/Assets/Test/Animations/Charge3.uasset" 480
"../../../../../../Users/dev_console/Projects/TwilightArchery/Content/Assets/Test/Animations/Charge2.uasset" 481
"../../../../../../Users/dev_console/Projects/TwilightArchery/Content/Assets/Test/Animations/Charge.uasset" 482
"../../../../../../Users/dev_console/Projects/TwilightArchery/Content/Assets/Test/Meshes/BowAnim_BP.uasset" 483
"../../../../../../Users/dev_console/Projects/TwilightArchery/Content/Assets/Archer/Meshes/StandingRunLeft_PhysicsAsset.uasset" 484
"../../../../../../Users/dev_console/Projects/TwilightArchery/Content/Assets/Archer/Textures/FemaleFitA_Body_diffuse_ncl1_1.uasset" 485
"../../../../../../Users/dev_console/Projects/TwilightArchery/Content/Assets/Archer/Materials/Lashes_MAT.uasset" 486
"../../../../../../Users/dev_console/Projects/TwilightArchery/Content/Assets/Archer/Textures/FemaleFitA_Body_diffuse.uasset" 487
"../../../../../../Users/dev_console/Projects/TwilightArchery/Content/Assets/Archer/Textures/FemaleFitA_StdNM.uasset" 488
"../../../../../../Users/dev_console/Projects/TwilightArchery/Content/Assets/Archer/Materials/EyeSpec_MAT.uasset" 489
"../../../../../../Users/dev_console/Projects/TwilightArchery/Content/Assets/Archer/Materials/Body_MAT.uasset" 490
"../../../../../../Users/dev_console/Projects/TwilightArchery/Content/Assets/Archer/Textures/Erika_Archer_Clothes_normal.uasset" 491
"../../../../../../Users/dev_console/Projects/TwilightArchery/Content/Assets/Archer/Textures/Erika_Archer_Clothes_diffuse.uasset" 492
"../../../../../../Users/dev_console/Projects/TwilightArchery/Content/Assets/Archer/Materials/Akai_MAT.uasset" 493
"../../../../../../Users/dev_console/Projects/TwilightArchery/Content/Assets/Archer/Meshes/MeshPlayer.uasset" 494
"../../../../../../Users/dev_console/Projects/TwilightArchery/Content/FX/ShootCameraShake_BP.uasset" 495
"../../Plugins/FX/Niagara/Content/Functions/DirectionAndLengthSafe.uasset" 496
"../../Plugins/FX/Niagara/Content/Functions/NormalizeDistanceRange.uasset" 497
"../../Plugins/FX/Niagara/Content/Functions/DistanceBasedFalloff.uasset" 498
"../../Plugins/FX/Niagara/Content/Enums/ENiagaraCoordinateSpace.uasset" 499
"../../Plugins/FX/Niagara/Content/Functions/Localspace/TransformBase.uasset" 500
"../../Plugins/FX/Niagara/Content/Functions/Localspace/TransformVector.uasset" 501
"../../Plugins/FX/Niagara/Content/Modules/Spawn/Velocity/AddVelocityFromPoint.uasset" 502
"../../Plugins/FX/Niagara/Content/Enums/ENiagaraRandomnessEvaluation.uasset" 503
"../../Plugins/FX/Niagara/Content/Functions/V2/CalculateRandomRangeFloat.uasset" 504
"../../Plugins/FX/Niagara/Content/Modules/Emitter/SpawnBurst_Instantaneous.uasset" 505
"../../Plugins/FX/Niagara/Content/DynamicInputs/UniformRange/V2/RandomRangeFloat.uasset" 506
"../../Plugins/FX/Niagara/Content/Functions/V2/CalculateRandomRange.uasset" 507
"../../Plugins/FX/Niagara/Content/Functions/V2/CalculateRandomUnitVector.uasset" 508
"../../Plugins/FX/Niagara/Content/DynamicInputs/Random/V2/RandomVector.uasset" 509
"../../Plugins/FX/Niagara/Content/Enums/ENiagaraSphereDistributionMode.uasset" 510
"../../Plugins/FX/Niagara/Content/Enums/ENiagaraExpansionMode.uasset" 511
"../../Plugins/FX/Niagara/Content/Enums/ENiagaraChannelCorrelation.uasset" 512
"../../Plugins/FX/Niagara/Content/Enums/ENiagara_UVFlippingMode.uasset" 513
"../../Plugins/FX/Niagara/Content/Enums/ENiagara_SpriteRotationMode.uasset" 514
"../../Plugins/FX/Niagara/Content/Enums/ENiagara_SizeScaleMode.uasset" 515
"../../Plugins/FX/Niagara/Content/Enums/ENiagara_PositionInitializationMode.uasset" 516
"../../Plugins/FX/Niagara/Content/Enums/ENiagara_MassInitializationMode.uasset" 517
"../../Plugins/FX/Niagara/Content/Enums/ENiagara_LifetimeMode.uasset" 518
"../../Plugins/FX/Niagara/Content/Enums/ENiagara_ColorInitializationMode.uasset" 519
"../../Plugins/FX/Niagara/Content/Functions/V2/CalculateRandomPointInSphere.uasset" 520
"../../Plugins/FX/Niagara/Content/Functions/SphericalToCartesianCoordinates.uasset" 521
"../../Plugins/FX/Niagara/Content/Functions/Rotation/FindQuatBetween.uasset" 522
"../../Plugins/FX/Niagara/Content/Modules/Spawn/Location/V2/SphereLocation.uasset" 523
"../../Plugins/FX/Niagara/Content/Functions/DeriveThirdOrthogonalVector.uasset" 524
"../../Plugins/FX/Niagara/Content/Modules/Spawn/Location/RotateAroundPoint.uasset" 525
"../../Plugins/FX/Niagara/Content/Functions/V2/CalculateRandomRangeInteger.uasset" 526
"../../Plugins/FX/Niagara/Content/Functions/V2/CalculateRandomBool.uasset" 527
"../../Plugins/FX/Niagara/Content/Functions/LinearColor/HueShiftLinearColor.uasset" 528
"../../Plugins/FX/Niagara/Content/Modules/Spawn/Initialization/V2/InitializeParticle.uasset" 529
"../../Plugins/FX/Niagara/Content/Modules/Solvers/SolveForcesAndVelocity.uasset" 530
"../../Plugins/FX/Niagara/Content/DynamicInputs/Multiply/Multiply_Float.uasset" 531
"../../Plugins/FX/Niagara/Content/DefaultAssets/DefaultSpriteMaterial.uasset" 532
"../../../../../../Users/dev_console/Projects/TwilightArchery/Content/FX/ChargeSphere_FX.uasset" 533
"../../../../../../Users/dev_console/Projects/TwilightArchery/Content/Player/TwilightArcheryCharacter_BP.uasset" 534
"../../../../../../Users/dev_console/Projects/TwilightArchery/Content/Assets/Textures/crosshair.uasset" 535
"../../../../../../Users/dev_console/Projects/TwilightArchery/Content/Player/PlayerAim.uasset" 536
"../../../../../../Users/dev_console/Projects/TwilightArchery/Content/Player/PlayerHud.uasset" 537
"../../../../../../Users/dev_console/Projects/TwilightArchery/Content/Player/TwilightArcheryGameMode_BP.uasset" 538
"../../../../../../Users/dev_console/Projects/TwilightArchery/Content/Geometry/Meshes/CubeMaterial.uasset" 539
"../../../../../../Users/dev_console/Projects/TwilightArchery/Content/Geometry/Meshes/TemplateFloor.uasset" 540
"../../../../../../Users/dev_console/Projects/TwilightArchery/Content/Geometry/Meshes/1M_Cube_Chamfer.uasset" 541
"../../../Engine/Content/EngineSky/T_Sky_Stars.uasset" 542
"../../../Engine/Content/EngineSky/T_Sky_Clouds_M.uasset" 543
"../../../Engine/Content/EngineSky/T_Sky_Blue.uasset" 544
"../../../Engine/Content/EngineSky/M_Sky_Panning_Clouds2.uasset" 545
"../../../Engine/Content/EngineSky/SM_SkySphere.uasset" 546
"../../../Engine/Content/EngineSky/C_Sky_Zenith_Color.uasset" 547
"../../../Engine/Content/EngineSky/C_Sky_Horizon_Color.uasset" 548
"../../../Engine/Content/EngineSky/C_Sky_Cloud_Color.uasset" 549
"../../../Engine/Content/EngineSky/BP_Sky_Sphere.uasset" 550
"../../../../../../Users/dev_console/Projects/TwilightArchery/Content/ThirdPersonCPP/Maps/ThirdPersonExampleMap.umap" 551
